<?xml version="1.0" encoding="UTF-8"?>
<!-- Generated by org.testng.reporters.JUnitReportReporter -->
<testsuite hostname="LAPTOP-PBEOGS79" name="ram.practicenew.Sometest1" tests="1" failures="0" timestamp="2 Feb 2019 11:40:26 GMT" time="0.006" errors="0">
  <testcase name="method1" time="0.006" classname="ram.practicenew.Sometest1"/>
</testsuite> <!-- ram.practicenew.Sometest1 -->
